Document: ID=ex.txt (1 sentences, 9 tokens)

Sentence #1 (9 tokens):
John have dinner today and he enjoyed it.

Tokens:
[Text=John CharacterOffsetBegin=0 CharacterOffsetEnd=4 PartOfSpeech=NNP Lemma=John NamedEntityTag=PERSON]
[Text=have CharacterOffsetBegin=5 CharacterOffsetEnd=9 PartOfSpeech=VBP Lemma=have NamedEntityTag=O]
[Text=dinner CharacterOffsetBegin=10 CharacterOffsetEnd=16 PartOfSpeech=NN Lemma=dinner NamedEntityTag=O]
[Text=today CharacterOffsetBegin=17 CharacterOffsetEnd=22 PartOfSpeech=NN Lemma=today NamedEntityTag=DATE NormalizedNamedEntityTag=THIS P1D Timex=<TIMEX3 alt_value="THIS P1D" anchorTimeID="t0" temporalFunction="true" tid="t1" type="DATE" valueFromFunction="tf0">today</TIMEX3>]
[Text=and CharacterOffsetBegin=23 CharacterOffsetEnd=26 PartOfSpeech=CC Lemma=and NamedEntityTag=O]
[Text=he CharacterOffsetBegin=27 CharacterOffsetEnd=29 PartOfSpeech=PRP Lemma=he NamedEntityTag=O]
[Text=enjoyed CharacterOffsetBegin=30 CharacterOffsetEnd=37 PartOfSpeech=VBD Lemma=enjoy NamedEntityTag=O]
[Text=it CharacterOffsetBegin=38 CharacterOffsetEnd=40 PartOfSpeech=PRP Lemma=it NamedEntityTag=O]
[Text=. CharacterOffsetBegin=40 CharacterOffsetEnd=41 PartOfSpeech=. Lemma=. NamedEntityTag=O]

Dependency Parse (enhanced plus plus dependencies):
root(ROOT-0, have-2)
nsubj(have-2, John-1)
obj(have-2, dinner-3)
obl:tmod(have-2, today-4)
cc(enjoyed-7, and-5)
nsubj(enjoyed-7, he-6)
conj:and(have-2, enjoyed-7)
obj(enjoyed-7, it-8)
punct(have-2, .-9)

Extracted the following NER entity mentions:
John	PERSON	PERSON:0.9861268552545607
today	DATE	DATE:-1.0
he	PERSON	-

Coreference set:
	(1,6,[6,7]) -> (1,1,[1,2]), that is: "he" -> "John"

Coreference set:
	(1,8,[8,9]) -> (1,3,[3,4]), that is: "it" -> "dinner"
